<?xml version="1.0" encoding="UTF-8"?>
<testng-results ignored="0" total="2" passed="2" failed="0" skipped="0">
  <reporter-output>
  </reporter-output>
  <suite started-at="2025-07-18T20:18:37 IST" name="Suite" finished-at="2025-07-18T20:18:52 IST" duration-ms="14195">
    <groups>
      <group name="Master">
        <method signature="TC_001_AccountRegistrationtTest.test_account_Registration()[pri:0, instance:testCase.TC_001_AccountRegistrationtTest@7776ab]" name="test_account_Registration" class="testCase.TC_001_AccountRegistrationtTest"/>
      </group> <!-- Master -->
      <group name="Regression">
        <method signature="TC_001_AccountRegistrationtTest.test_account_Registration()[pri:0, instance:testCase.TC_001_AccountRegistrationtTest@7776ab]" name="test_account_Registration" class="testCase.TC_001_AccountRegistrationtTest"/>
      </group> <!-- Regression -->
    </groups>
    <test started-at="2025-07-18T20:18:37 IST" name="Test" finished-at="2025-07-18T20:18:52 IST" duration-ms="14195">
      <class name="testCase.TC_001_AccountRegistrationtTest">
        <test-method is-config="true" signature="setup(java.lang.String,java.lang.String)[pri:0, instance:testCase.TC_001_AccountRegistrationtTest@7776ab]" started-at="2025-07-18T20:18:38 IST" name="setup" finished-at="2025-07-18T20:18:42 IST" duration-ms="4678" status="PASS">
          <params>
            <param index="0">
              <value>
                <![CDATA[Windows]]>
              </value>
            </param>
            <param index="1">
              <value>
                <![CDATA[chrome]]>
              </value>
            </param>
          </params>
          <reporter-output>
          </reporter-output>
        </test-method> <!-- setup -->
        <test-method signature="test_account_Registration()[pri:0, instance:testCase.TC_001_AccountRegistrationtTest@7776ab]" started-at="2025-07-18T20:18:42 IST" name="test_account_Registration" finished-at="2025-07-18T20:18:46 IST" duration-ms="4038" status="PASS">
          <reporter-output>
          </reporter-output>
        </test-method> <!-- test_account_Registration -->
        <test-method is-config="true" signature="tearDown()[pri:0, instance:testCase.TC_001_AccountRegistrationtTest@7776ab]" started-at="2025-07-18T20:18:46 IST" name="tearDown" finished-at="2025-07-18T20:18:47 IST" duration-ms="276" status="PASS">
          <reporter-output>
          </reporter-output>
        </test-method> <!-- tearDown -->
      </class> <!-- testCase.TC_001_AccountRegistrationtTest -->
      <class name="testCase.TC_002_LoginTest">
        <test-method is-config="true" signature="setup(java.lang.String,java.lang.String)[pri:0, instance:testCase.TC_002_LoginTest@4eb386df]" started-at="2025-07-18T20:18:47 IST" name="setup" finished-at="2025-07-18T20:18:50 IST" duration-ms="3379" status="PASS">
          <params>
            <param index="0">
              <value>
                <![CDATA[Windows]]>
              </value>
            </param>
            <param index="1">
              <value>
                <![CDATA[chrome]]>
              </value>
            </param>
          </params>
          <reporter-output>
          </reporter-output>
        </test-method> <!-- setup -->
        <test-method signature="verify_login()[pri:0, instance:testCase.TC_002_LoginTest@4eb386df]" started-at="2025-07-18T20:18:50 IST" name="verify_login" finished-at="2025-07-18T20:18:51 IST" duration-ms="1210" status="PASS">
          <reporter-output>
          </reporter-output>
        </test-method> <!-- verify_login -->
        <test-method is-config="true" signature="tearDown()[pri:0, instance:testCase.TC_002_LoginTest@4eb386df]" started-at="2025-07-18T20:18:51 IST" name="tearDown" finished-at="2025-07-18T20:18:52 IST" duration-ms="301" status="PASS">
          <reporter-output>
          </reporter-output>
        </test-method> <!-- tearDown -->
      </class> <!-- testCase.TC_002_LoginTest -->
    </test> <!-- Test -->
  </suite> <!-- Suite -->
</testng-results>
