<?xml version="1.0" encoding="UTF-8"?>
<testng-results ignored="0" total="2" passed="2" failed="0" skipped="0">
  <reporter-output>
  </reporter-output>
  <suite started-at="2025-07-16T19:29:10 IST" name="Suite" finished-at="2025-07-16T19:29:23 IST" duration-ms="13316">
    <groups>
      <group name="Master">
        <method signature="TC_001_AccountRegistrationtTest.test_account_Registration()[pri:0, instance:testCase.TC_001_AccountRegistrationtTest@7776ab]" name="test_account_Registration" class="testCase.TC_001_AccountRegistrationtTest"/>
      </group> <!-- Master -->
      <group name="Regression">
        <method signature="TC_001_AccountRegistrationtTest.test_account_Registration()[pri:0, instance:testCase.TC_001_AccountRegistrationtTest@7776ab]" name="test_account_Registration" class="testCase.TC_001_AccountRegistrationtTest"/>
      </group> <!-- Regression -->
    </groups>
    <test started-at="2025-07-16T19:29:10 IST" name="Test" finished-at="2025-07-16T19:29:23 IST" duration-ms="13316">
      <class name="testCase.TC_001_AccountRegistrationtTest">
        <test-method is-config="true" signature="setup(java.lang.String,java.lang.String)[pri:0, instance:testCase.TC_001_AccountRegistrationtTest@7776ab]" started-at="2025-07-16T19:29:10 IST" name="setup" finished-at="2025-07-16T19:29:14 IST" duration-ms="3867" status="PASS">
          <params>
            <param index="0">
              <value>
                <![CDATA[Windows]]>
              </value>
            </param>
            <param index="1">
              <value>
                <![CDATA[chrome]]>
              </value>
            </param>
          </params>
          <reporter-output>
          </reporter-output>
        </test-method> <!-- setup -->
        <test-method signature="test_account_Registration()[pri:0, instance:testCase.TC_001_AccountRegistrationtTest@7776ab]" started-at="2025-07-16T19:29:14 IST" name="test_account_Registration" finished-at="2025-07-16T19:29:17 IST" duration-ms="3778" status="PASS">
          <reporter-output>
          </reporter-output>
        </test-method> <!-- test_account_Registration -->
        <test-method is-config="true" signature="tearDown()[pri:0, instance:testCase.TC_001_AccountRegistrationtTest@7776ab]" started-at="2025-07-16T19:29:17 IST" name="tearDown" finished-at="2025-07-16T19:29:18 IST" duration-ms="297" status="PASS">
          <reporter-output>
          </reporter-output>
        </test-method> <!-- tearDown -->
      </class> <!-- testCase.TC_001_AccountRegistrationtTest -->
      <class name="testCase.TC_002_LoginTest">
        <test-method is-config="true" signature="setup(java.lang.String,java.lang.String)[pri:0, instance:testCase.TC_002_LoginTest@4eb386df]" started-at="2025-07-16T19:29:18 IST" name="setup" finished-at="2025-07-16T19:29:21 IST" duration-ms="3451" status="PASS">
          <params>
            <param index="0">
              <value>
                <![CDATA[Windows]]>
              </value>
            </param>
            <param index="1">
              <value>
                <![CDATA[chrome]]>
              </value>
            </param>
          </params>
          <reporter-output>
          </reporter-output>
        </test-method> <!-- setup -->
        <test-method signature="verify_login()[pri:0, instance:testCase.TC_002_LoginTest@4eb386df]" started-at="2025-07-16T19:29:21 IST" name="verify_login" finished-at="2025-07-16T19:29:23 IST" duration-ms="1318" status="PASS">
          <reporter-output>
          </reporter-output>
        </test-method> <!-- verify_login -->
        <test-method is-config="true" signature="tearDown()[pri:0, instance:testCase.TC_002_LoginTest@4eb386df]" started-at="2025-07-16T19:29:23 IST" name="tearDown" finished-at="2025-07-16T19:29:23 IST" duration-ms="273" status="PASS">
          <reporter-output>
          </reporter-output>
        </test-method> <!-- tearDown -->
      </class> <!-- testCase.TC_002_LoginTest -->
    </test> <!-- Test -->
  </suite> <!-- Suite -->
</testng-results>
